@!@!@STARTMSG 2262:0 @!@!@
TLC2 Version 2.15 of Day Month 20?? (rev: eb3ff99)
@!@!@ENDMSG 2262 @!@!@
@!@!@STARTMSG 2187:0 @!@!@
Running breadth-first search Model-Checking with fp 74 and seed -3435094454778946295 with 6 workers on 12 cores with 1214MB heap and 2730MB offheap memory [pid: 54881] (Mac OS X 10.15.7 x86_64, AdoptOpenJDK 14.0.1 x86_64, OffHeapDiskFPSet, DiskStateQueue).
@!@!@ENDMSG 2187 @!@!@
@!@!@STARTMSG 2220:0 @!@!@
Starting SANY...
@!@!@ENDMSG 2220 @!@!@
Parsing file /Users/a18535673/.tlaplus/TripleDangerSolution/TripleDangerSolution.toolbox/Model_1/MC.tla
Parsing file /Users/a18535673/.tlaplus/TripleDangerSolution/TripleDangerSolution.toolbox/Model_1/TripleDangerSolution.tla
Parsing file /Applications/TLA+ Toolbox.app/Contents/Eclipse/plugins/org.lamport.tlatools_1.0.0.202004251858/tla2sany/StandardModules/TLC.tla
Parsing file /Applications/TLA+ Toolbox.app/Contents/Eclipse/plugins/org.lamport.tlatools_1.0.0.202004251858/tla2sany/StandardModules/Integers.tla
Parsing file /Applications/TLA+ Toolbox.app/Contents/Eclipse/plugins/org.lamport.tlatools_1.0.0.202004251858/tla2sany/StandardModules/Naturals.tla
Parsing file /Applications/TLA+ Toolbox.app/Contents/Eclipse/plugins/org.lamport.tlatools_1.0.0.202004251858/tla2sany/StandardModules/Sequences.tla
Parsing file /Applications/TLA+ Toolbox.app/Contents/Eclipse/plugins/org.lamport.tlatools_1.0.0.202004251858/tla2sany/StandardModules/FiniteSets.tla
Semantic processing of module Naturals
Semantic processing of module Integers
Semantic processing of module TripleDangerSolution
Semantic processing of module Sequences
Semantic processing of module FiniteSets
Semantic processing of module TLC
Semantic processing of module MC
@!@!@STARTMSG 2219:0 @!@!@
SANY finished.
@!@!@ENDMSG 2219 @!@!@
@!@!@STARTMSG 2185:0 @!@!@
Starting... (2021-01-05 20:55:32)
@!@!@ENDMSG 2185 @!@!@
@!@!@STARTMSG 2189:0 @!@!@
Computing initial states...
@!@!@ENDMSG 2189 @!@!@
@!@!@STARTMSG 2190:0 @!@!@
Finished computing initial states: 1 distinct state generated at 2021-01-05 20:55:32.
@!@!@ENDMSG 2190 @!@!@
@!@!@STARTMSG 2110:1 @!@!@
Invariant energyBurstsInvariant is violated.
@!@!@ENDMSG 2110 @!@!@
@!@!@STARTMSG 2121:1 @!@!@
The behavior up to this point is:
@!@!@ENDMSG 2121 @!@!@
@!@!@STARTMSG 2217:4 @!@!@
1: <Initial predicate>
/\ executor = ""
/\ pc = (0 :> "sorcererEnter" @@ 1 :> "electricHeadEnter" @@ 2 :> "flameHeadEnter")
/\ energyBursts = 3

@!@!@ENDMSG 2217 @!@!@
@!@!@STARTMSG 2217:4 @!@!@
2: <electricHeadEnter line 84, col 22 to line 86, col 62 of module TripleDangerSolution>
/\ executor = ""
/\ pc = (0 :> "sorcererEnter" @@ 1 :> "A" @@ 2 :> "flameHeadEnter")
/\ energyBursts = 3

@!@!@ENDMSG 2217 @!@!@
@!@!@STARTMSG 2217:4 @!@!@
3: <A line 88, col 6 to line 92, col 46 of module TripleDangerSolution>
/\ executor = ""
/\ pc = (0 :> "sorcererEnter" @@ 1 :> "Monitor2" @@ 2 :> "flameHeadEnter")
/\ energyBursts = 3

@!@!@ENDMSG 2217 @!@!@
@!@!@STARTMSG 2217:4 @!@!@
4: <Monitor2 line 94, col 13 to line 98, col 37 of module TripleDangerSolution>
/\ executor = "electricHead"
/\ pc = (0 :> "sorcererEnter" @@ 1 :> "ElectricHeadAction" @@ 2 :> "flameHeadEnter")
/\ energyBursts = 3

@!@!@ENDMSG 2217 @!@!@
@!@!@STARTMSG 2217:4 @!@!@
5: <ElectricHeadAction line 100, col 23 to line 103, col 53 of module TripleDangerSolution>
/\ executor = ""
/\ pc = (0 :> "sorcererEnter" @@ 1 :> "B" @@ 2 :> "flameHeadEnter")
/\ energyBursts = 2

@!@!@ENDMSG 2217 @!@!@
@!@!@STARTMSG 2217:4 @!@!@
6: <B line 105, col 6 to line 108, col 46 of module TripleDangerSolution>
/\ executor = ""
/\ pc = (0 :> "sorcererEnter" @@ 1 :> "electricHeadEnter" @@ 2 :> "flameHeadEnter")
/\ energyBursts = 2

@!@!@ENDMSG 2217 @!@!@
@!@!@STARTMSG 2217:4 @!@!@
7: <electricHeadEnter line 84, col 22 to line 86, col 62 of module TripleDangerSolution>
/\ executor = ""
/\ pc = (0 :> "sorcererEnter" @@ 1 :> "A" @@ 2 :> "flameHeadEnter")
/\ energyBursts = 2

@!@!@ENDMSG 2217 @!@!@
@!@!@STARTMSG 2217:4 @!@!@
8: <A line 88, col 6 to line 92, col 46 of module TripleDangerSolution>
/\ executor = ""
/\ pc = (0 :> "sorcererEnter" @@ 1 :> "Monitor2" @@ 2 :> "flameHeadEnter")
/\ energyBursts = 2

@!@!@ENDMSG 2217 @!@!@
@!@!@STARTMSG 2217:4 @!@!@
9: <Monitor2 line 94, col 13 to line 98, col 37 of module TripleDangerSolution>
/\ executor = "electricHead"
/\ pc = (0 :> "sorcererEnter" @@ 1 :> "ElectricHeadAction" @@ 2 :> "flameHeadEnter")
/\ energyBursts = 2

@!@!@ENDMSG 2217 @!@!@
@!@!@STARTMSG 2217:4 @!@!@
10: <flameHeadEnter line 113, col 19 to line 115, col 59 of module TripleDangerSolution>
/\ executor = "electricHead"
/\ pc = (0 :> "sorcererEnter" @@ 1 :> "ElectricHeadAction" @@ 2 :> "C")
/\ energyBursts = 2

@!@!@ENDMSG 2217 @!@!@
@!@!@STARTMSG 2217:4 @!@!@
11: <ElectricHeadAction line 100, col 23 to line 103, col 53 of module TripleDangerSolution>
/\ executor = ""
/\ pc = (0 :> "sorcererEnter" @@ 1 :> "B" @@ 2 :> "C")
/\ energyBursts = 1

@!@!@ENDMSG 2217 @!@!@
@!@!@STARTMSG 2217:4 @!@!@
12: <B line 105, col 6 to line 108, col 46 of module TripleDangerSolution>
/\ executor = ""
/\ pc = (0 :> "sorcererEnter" @@ 1 :> "electricHeadEnter" @@ 2 :> "C")
/\ energyBursts = 1

@!@!@ENDMSG 2217 @!@!@
@!@!@STARTMSG 2217:4 @!@!@
13: <C line 117, col 6 to line 121, col 46 of module TripleDangerSolution>
/\ executor = ""
/\ pc = (0 :> "sorcererEnter" @@ 1 :> "electricHeadEnter" @@ 2 :> "Monitor3")
/\ energyBursts = 1

@!@!@ENDMSG 2217 @!@!@
@!@!@STARTMSG 2217:4 @!@!@
14: <electricHeadEnter line 84, col 22 to line 86, col 62 of module TripleDangerSolution>
/\ executor = ""
/\ pc = (0 :> "sorcererEnter" @@ 1 :> "A" @@ 2 :> "Monitor3")
/\ energyBursts = 1

@!@!@ENDMSG 2217 @!@!@
@!@!@STARTMSG 2217:4 @!@!@
15: <A line 88, col 6 to line 92, col 46 of module TripleDangerSolution>
/\ executor = ""
/\ pc = (0 :> "sorcererEnter" @@ 1 :> "Monitor2" @@ 2 :> "Monitor3")
/\ energyBursts = 1

@!@!@ENDMSG 2217 @!@!@
@!@!@STARTMSG 2217:4 @!@!@
16: <Monitor2 line 94, col 13 to line 98, col 37 of module TripleDangerSolution>
/\ executor = "electricHead"
/\ pc = (0 :> "sorcererEnter" @@ 1 :> "ElectricHeadAction" @@ 2 :> "Monitor3")
/\ energyBursts = 1

@!@!@ENDMSG 2217 @!@!@
@!@!@STARTMSG 2217:4 @!@!@
17: <ElectricHeadAction line 100, col 23 to line 103, col 53 of module TripleDangerSolution>
/\ executor = ""
/\ pc = (0 :> "sorcererEnter" @@ 1 :> "B" @@ 2 :> "Monitor3")
/\ energyBursts = 0

@!@!@ENDMSG 2217 @!@!@
@!@!@STARTMSG 2217:4 @!@!@
18: <Monitor3 line 123, col 13 to line 127, col 37 of module TripleDangerSolution>
/\ executor = "flameHead"
/\ pc = (0 :> "sorcererEnter" @@ 1 :> "B" @@ 2 :> "FlameHeadAction")
/\ energyBursts = 0

@!@!@ENDMSG 2217 @!@!@
@!@!@STARTMSG 2217:4 @!@!@
19: <FlameHeadAction line 129, col 20 to line 132, col 50 of module TripleDangerSolution>
/\ executor = ""
/\ pc = (0 :> "sorcererEnter" @@ 1 :> "B" @@ 2 :> "D")
/\ energyBursts = -1

@!@!@ENDMSG 2217 @!@!@
@!@!@STARTMSG 2201:0 @!@!@
The coverage statistics at 2021-01-05 20:55:32
@!@!@ENDMSG 2201 @!@!@
@!@!@STARTMSG 2773:0 @!@!@
<Init line 60, col 1 to line 60, col 4 of module TripleDangerSolution>: 2:2
@!@!@ENDMSG 2773 @!@!@
@!@!@STARTMSG 2221:0 @!@!@
  line 61, col 9 to line 65, col 72 of module TripleDangerSolution: 2
@!@!@ENDMSG 2221 @!@!@
@!@!@STARTMSG 2772:0 @!@!@
<sorcererEnter line 67, col 1 to line 67, col 13 of module TripleDangerSolution>: 48:222
@!@!@ENDMSG 2772 @!@!@
@!@!@STARTMSG 2221:0 @!@!@
  line 67, col 21 to line 67, col 43 of module TripleDangerSolution: 767
@!@!@ENDMSG 2221 @!@!@
@!@!@STARTMSG 2221:0 @!@!@
  |line 67, col 21 to line 67, col 25 of module TripleDangerSolution: 545
@!@!@ENDMSG 2221 @!@!@
@!@!@STARTMSG 2221:0 @!@!@
  line 68, col 21 to line 68, col 55 of module TripleDangerSolution: 222
@!@!@ENDMSG 2221 @!@!@
@!@!@STARTMSG 2221:0 @!@!@
  line 69, col 21 to line 69, col 58 of module TripleDangerSolution: 222
@!@!@ENDMSG 2221 @!@!@
@!@!@STARTMSG 2772:0 @!@!@
<Monitor1 line 71, col 1 to line 71, col 8 of module TripleDangerSolution>: 67:134
@!@!@ENDMSG 2772 @!@!@
@!@!@STARTMSG 2221:0 @!@!@
  line 71, col 16 to line 71, col 33 of module TripleDangerSolution: 679
@!@!@ENDMSG 2221 @!@!@
@!@!@STARTMSG 2221:0 @!@!@
  |line 71, col 16 to line 71, col 20 of module TripleDangerSolution: 545
@!@!@ENDMSG 2221 @!@!@
@!@!@STARTMSG 2221:0 @!@!@
  line 72, col 16 to line 72, col 28 of module TripleDangerSolution: 330
@!@!@ENDMSG 2221 @!@!@
@!@!@STARTMSG 2221:0 @!@!@
  |line 72, col 16 to line 72, col 23 of module TripleDangerSolution: 196
@!@!@ENDMSG 2221 @!@!@
@!@!@STARTMSG 2221:0 @!@!@
  line 73, col 16 to line 73, col 37 of module TripleDangerSolution: 134
@!@!@ENDMSG 2221 @!@!@
@!@!@STARTMSG 2221:0 @!@!@
  line 74, col 16 to line 74, col 56 of module TripleDangerSolution: 134
@!@!@ENDMSG 2221 @!@!@
@!@!@STARTMSG 2221:0 @!@!@
  line 75, col 16 to line 75, col 37 of module TripleDangerSolution: 134
@!@!@ENDMSG 2221 @!@!@
@!@!@STARTMSG 2772:0 @!@!@
<SorcererAction line 77, col 1 to line 77, col 14 of module TripleDangerSolution>: 31:127
@!@!@ENDMSG 2772 @!@!@
@!@!@STARTMSG 2221:0 @!@!@
  line 77, col 22 to line 77, col 45 of module TripleDangerSolution: 672
@!@!@ENDMSG 2221 @!@!@
@!@!@STARTMSG 2221:0 @!@!@
  |line 77, col 22 to line 77, col 26 of module TripleDangerSolution: 545
@!@!@ENDMSG 2221 @!@!@
@!@!@STARTMSG 2221:0 @!@!@
  line 78, col 22 to line 78, col 53 of module TripleDangerSolution: 127
@!@!@ENDMSG 2221 @!@!@
@!@!@STARTMSG 2221:0 @!@!@
  line 79, col 22 to line 79, col 35 of module TripleDangerSolution: 127
@!@!@ENDMSG 2221 @!@!@
@!@!@STARTMSG 2221:0 @!@!@
  line 80, col 22 to line 80, col 61 of module TripleDangerSolution: 127
@!@!@ENDMSG 2221 @!@!@
@!@!@STARTMSG 2772:0 @!@!@
<electricHeadEnter line 84, col 1 to line 84, col 17 of module TripleDangerSolution>: 33:132
@!@!@ENDMSG 2772 @!@!@
@!@!@STARTMSG 2221:0 @!@!@
  line 84, col 25 to line 84, col 51 of module TripleDangerSolution: 677
@!@!@ENDMSG 2221 @!@!@
@!@!@STARTMSG 2221:0 @!@!@
  |line 84, col 25 to line 84, col 29 of module TripleDangerSolution: 545
@!@!@ENDMSG 2221 @!@!@
@!@!@STARTMSG 2221:0 @!@!@
  line 85, col 25 to line 85, col 52 of module TripleDangerSolution: 132
@!@!@ENDMSG 2221 @!@!@
@!@!@STARTMSG 2221:0 @!@!@
  line 86, col 25 to line 86, col 62 of module TripleDangerSolution: 132
@!@!@ENDMSG 2221 @!@!@
@!@!@STARTMSG 2772:0 @!@!@
<A line 88, col 1 to line 88, col 1 of module TripleDangerSolution>: 32:126
@!@!@ENDMSG 2772 @!@!@
@!@!@STARTMSG 2221:0 @!@!@
  line 88, col 9 to line 88, col 19 of module TripleDangerSolution: 668
@!@!@ENDMSG 2221 @!@!@
@!@!@STARTMSG 2221:0 @!@!@
  |line 88, col 9 to line 88, col 13 of module TripleDangerSolution: 542
@!@!@ENDMSG 2221 @!@!@
@!@!@STARTMSG 2221:0 @!@!@
  line 89, col 12 to line 89, col 27 of module TripleDangerSolution: 126
@!@!@ENDMSG 2221 @!@!@
@!@!@STARTMSG 2221:0 @!@!@
  line 90, col 17 to line 90, col 54 of module TripleDangerSolution: 115
@!@!@ENDMSG 2221 @!@!@
@!@!@STARTMSG 2221:0 @!@!@
  line 91, col 17 to line 91, col 47 of module TripleDangerSolution: 11
@!@!@ENDMSG 2221 @!@!@
@!@!@STARTMSG 2221:0 @!@!@
  line 92, col 9 to line 92, col 46 of module TripleDangerSolution: 126
@!@!@ENDMSG 2221 @!@!@
@!@!@STARTMSG 2772:0 @!@!@
<Monitor2 line 94, col 1 to line 94, col 8 of module TripleDangerSolution>: 45:71
@!@!@ENDMSG 2772 @!@!@
@!@!@STARTMSG 2221:0 @!@!@
  line 94, col 16 to line 94, col 33 of module TripleDangerSolution: 610
@!@!@ENDMSG 2221 @!@!@
@!@!@STARTMSG 2221:0 @!@!@
  |line 94, col 16 to line 94, col 20 of module TripleDangerSolution: 539
@!@!@ENDMSG 2221 @!@!@
@!@!@STARTMSG 2221:0 @!@!@
  line 95, col 16 to line 95, col 28 of module TripleDangerSolution: 189
@!@!@ENDMSG 2221 @!@!@
@!@!@STARTMSG 2221:0 @!@!@
  |line 95, col 16 to line 95, col 23 of module TripleDangerSolution: 118
@!@!@ENDMSG 2221 @!@!@
@!@!@STARTMSG 2221:0 @!@!@
  line 96, col 16 to line 96, col 41 of module TripleDangerSolution: 71
@!@!@ENDMSG 2221 @!@!@
@!@!@STARTMSG 2221:0 @!@!@
  line 97, col 16 to line 97, col 60 of module TripleDangerSolution: 71
@!@!@ENDMSG 2221 @!@!@
@!@!@STARTMSG 2221:0 @!@!@
  line 98, col 16 to line 98, col 37 of module TripleDangerSolution: 71
@!@!@ENDMSG 2221 @!@!@
@!@!@STARTMSG 2772:0 @!@!@
<ElectricHeadAction line 100, col 1 to line 100, col 18 of module TripleDangerSolution>: 41:68
@!@!@ENDMSG 2772 @!@!@
@!@!@STARTMSG 2221:0 @!@!@
  line 100, col 26 to line 100, col 53 of module TripleDangerSolution: 602
@!@!@ENDMSG 2221 @!@!@
@!@!@STARTMSG 2221:0 @!@!@
  |line 100, col 26 to line 100, col 30 of module TripleDangerSolution: 536
@!@!@ENDMSG 2221 @!@!@
@!@!@STARTMSG 2221:0 @!@!@
  line 101, col 26 to line 101, col 57 of module TripleDangerSolution: 66
@!@!@ENDMSG 2221 @!@!@
@!@!@STARTMSG 2221:0 @!@!@
  |line 101, col 42 to line 101, col 57 of module TripleDangerSolution: 68
@!@!@ENDMSG 2221 @!@!@
@!@!@STARTMSG 2221:0 @!@!@
  line 102, col 26 to line 102, col 39 of module TripleDangerSolution: 66
@!@!@ENDMSG 2221 @!@!@
@!@!@STARTMSG 2221:0 @!@!@
  line 103, col 26 to line 103, col 53 of module TripleDangerSolution: 66
@!@!@ENDMSG 2221 @!@!@
@!@!@STARTMSG 2221:0 @!@!@
  |line 103, col 32 to line 103, col 53 of module TripleDangerSolution: 68
@!@!@ENDMSG 2221 @!@!@
@!@!@STARTMSG 2772:0 @!@!@
<B line 105, col 1 to line 105, col 1 of module TripleDangerSolution>: 23:101
@!@!@ENDMSG 2772 @!@!@
@!@!@STARTMSG 2221:0 @!@!@
  line 105, col 9 to line 105, col 19 of module TripleDangerSolution: 632
@!@!@ENDMSG 2221 @!@!@
@!@!@STARTMSG 2221:0 @!@!@
  |line 105, col 9 to line 105, col 13 of module TripleDangerSolution: 531
@!@!@ENDMSG 2221 @!@!@
@!@!@STARTMSG 2221:0 @!@!@
  line 106, col 9 to line 106, col 12 of module TripleDangerSolution: 101
@!@!@ENDMSG 2221 @!@!@
@!@!@STARTMSG 2221:0 @!@!@
  line 107, col 9 to line 107, col 52 of module TripleDangerSolution: 101
@!@!@ENDMSG 2221 @!@!@
@!@!@STARTMSG 2221:0 @!@!@
  line 108, col 9 to line 108, col 46 of module TripleDangerSolution: 101
@!@!@ENDMSG 2221 @!@!@
@!@!@STARTMSG 2772:0 @!@!@
<flameHeadEnter line 113, col 1 to line 113, col 14 of module TripleDangerSolution>: 53:130
@!@!@ENDMSG 2772 @!@!@
@!@!@STARTMSG 2221:0 @!@!@
  line 113, col 22 to line 113, col 45 of module TripleDangerSolution: 659
@!@!@ENDMSG 2221 @!@!@
@!@!@STARTMSG 2221:0 @!@!@
  |line 113, col 22 to line 113, col 26 of module TripleDangerSolution: 529
@!@!@ENDMSG 2221 @!@!@
@!@!@STARTMSG 2221:0 @!@!@
  line 114, col 22 to line 114, col 49 of module TripleDangerSolution: 130
@!@!@ENDMSG 2221 @!@!@
@!@!@STARTMSG 2221:0 @!@!@
  line 115, col 22 to line 115, col 59 of module TripleDangerSolution: 130
@!@!@ENDMSG 2221 @!@!@
@!@!@STARTMSG 2772:0 @!@!@
<C line 117, col 1 to line 117, col 1 of module TripleDangerSolution>: 72:124
@!@!@ENDMSG 2772 @!@!@
@!@!@STARTMSG 2221:0 @!@!@
  line 117, col 9 to line 117, col 19 of module TripleDangerSolution: 652
@!@!@ENDMSG 2221 @!@!@
@!@!@STARTMSG 2221:0 @!@!@
  |line 117, col 9 to line 117, col 13 of module TripleDangerSolution: 528
@!@!@ENDMSG 2221 @!@!@
@!@!@STARTMSG 2221:0 @!@!@
  line 118, col 12 to line 118, col 27 of module TripleDangerSolution: 124
@!@!@ENDMSG 2221 @!@!@
@!@!@STARTMSG 2221:0 @!@!@
  line 119, col 17 to line 119, col 54 of module TripleDangerSolution: 114
@!@!@ENDMSG 2221 @!@!@
@!@!@STARTMSG 2221:0 @!@!@
  line 120, col 17 to line 120, col 47 of module TripleDangerSolution: 10
@!@!@ENDMSG 2221 @!@!@
@!@!@STARTMSG 2221:0 @!@!@
  line 121, col 9 to line 121, col 46 of module TripleDangerSolution: 124
@!@!@ENDMSG 2221 @!@!@
@!@!@STARTMSG 2772:0 @!@!@
<Monitor3 line 123, col 1 to line 123, col 8 of module TripleDangerSolution>: 49:68
@!@!@ENDMSG 2772 @!@!@
@!@!@STARTMSG 2221:0 @!@!@
  line 123, col 16 to line 123, col 33 of module TripleDangerSolution: 595
@!@!@ENDMSG 2221 @!@!@
@!@!@STARTMSG 2221:0 @!@!@
  |line 123, col 16 to line 123, col 20 of module TripleDangerSolution: 527
@!@!@ENDMSG 2221 @!@!@
@!@!@STARTMSG 2221:0 @!@!@
  line 124, col 16 to line 124, col 28 of module TripleDangerSolution: 183
@!@!@ENDMSG 2221 @!@!@
@!@!@STARTMSG 2221:0 @!@!@
  |line 124, col 16 to line 124, col 23 of module TripleDangerSolution: 115
@!@!@ENDMSG 2221 @!@!@
@!@!@STARTMSG 2221:0 @!@!@
  line 125, col 16 to line 125, col 38 of module TripleDangerSolution: 68
@!@!@ENDMSG 2221 @!@!@
@!@!@STARTMSG 2221:0 @!@!@
  line 126, col 16 to line 126, col 57 of module TripleDangerSolution: 68
@!@!@ENDMSG 2221 @!@!@
@!@!@STARTMSG 2221:0 @!@!@
  line 127, col 16 to line 127, col 37 of module TripleDangerSolution: 68
@!@!@ENDMSG 2221 @!@!@
@!@!@STARTMSG 2772:0 @!@!@
<FlameHeadAction line 129, col 1 to line 129, col 15 of module TripleDangerSolution>: 50:64
@!@!@ENDMSG 2772 @!@!@
@!@!@STARTMSG 2221:0 @!@!@
  line 129, col 23 to line 129, col 47 of module TripleDangerSolution: 586
@!@!@ENDMSG 2221 @!@!@
@!@!@STARTMSG 2221:0 @!@!@
  |line 129, col 23 to line 129, col 27 of module TripleDangerSolution: 526
@!@!@ENDMSG 2221 @!@!@
@!@!@STARTMSG 2221:0 @!@!@
  line 130, col 23 to line 130, col 54 of module TripleDangerSolution: 60
@!@!@ENDMSG 2221 @!@!@
@!@!@STARTMSG 2221:0 @!@!@
  |line 130, col 39 to line 130, col 54 of module TripleDangerSolution: 64
@!@!@ENDMSG 2221 @!@!@
@!@!@STARTMSG 2221:0 @!@!@
  line 131, col 23 to line 131, col 36 of module TripleDangerSolution: 60
@!@!@ENDMSG 2221 @!@!@
@!@!@STARTMSG 2221:0 @!@!@
  line 132, col 23 to line 132, col 50 of module TripleDangerSolution: 60
@!@!@ENDMSG 2221 @!@!@
@!@!@STARTMSG 2221:0 @!@!@
  |line 132, col 29 to line 132, col 50 of module TripleDangerSolution: 64
@!@!@ENDMSG 2221 @!@!@
@!@!@STARTMSG 2772:0 @!@!@
<D line 134, col 1 to line 134, col 1 of module TripleDangerSolution>: 18:96
@!@!@ENDMSG 2772 @!@!@
@!@!@STARTMSG 2221:0 @!@!@
  line 134, col 9 to line 134, col 19 of module TripleDangerSolution: 617
@!@!@ENDMSG 2221 @!@!@
@!@!@STARTMSG 2221:0 @!@!@
  |line 134, col 9 to line 134, col 13 of module TripleDangerSolution: 521
@!@!@ENDMSG 2221 @!@!@
@!@!@STARTMSG 2221:0 @!@!@
  line 135, col 9 to line 135, col 12 of module TripleDangerSolution: 96
@!@!@ENDMSG 2221 @!@!@
@!@!@STARTMSG 2221:0 @!@!@
  line 136, col 9 to line 136, col 49 of module TripleDangerSolution: 96
@!@!@ENDMSG 2221 @!@!@
@!@!@STARTMSG 2221:0 @!@!@
  line 137, col 9 to line 137, col 46 of module TripleDangerSolution: 96
@!@!@ENDMSG 2221 @!@!@
@!@!@STARTMSG 2774:0 @!@!@
<energyBurstsInvariant line 146, col 1 to line 146, col 21 of module TripleDangerSolution>
@!@!@ENDMSG 2774 @!@!@
@!@!@STARTMSG 2221:0 @!@!@
  line 146, col 26 to line 146, col 42 of module TripleDangerSolution: 563
@!@!@ENDMSG 2221 @!@!@
@!@!@STARTMSG 2202:0 @!@!@
End of statistics.
@!@!@ENDMSG 2202 @!@!@
@!@!@STARTMSG 2200:0 @!@!@
Progress(23) at 2021-01-05 20:55:32: 1 424 states generated (95 250 s/min), 563 distinct states found (37 658 ds/min), 30 states left on queue.
@!@!@ENDMSG 2200 @!@!@
@!@!@STARTMSG 2199:0 @!@!@
1424 states generated, 563 distinct states found, 30 states left on queue.
@!@!@ENDMSG 2199 @!@!@
@!@!@STARTMSG 2194:0 @!@!@
The depth of the complete state graph search is 23.
@!@!@ENDMSG 2194 @!@!@
@!@!@STARTMSG 2268:0 @!@!@
The average outdegree of the complete state graph is 1 (minimum is 0, the maximum 3 and the 95th percentile is 2).
@!@!@ENDMSG 2268 @!@!@
@!@!@STARTMSG 2186:0 @!@!@
Finished in 904ms at (2021-01-05 20:55:32)
@!@!@ENDMSG 2186 @!@!@
